  [1m[35m (18.2ms)[0m  [1m[34mSELECT pg_try_advisory_lock(1046883365560742955);[0m
  [1m[36mActiveRecord::SchemaMigration Load (25.5ms)[0m  [1m[34mSELECT "schema_migrations".* FROM "schema_migrations"[0m
Migrating to AddOmniauthToUsers (20170317234248)
  [1m[35m (0.3ms)[0m  [1m[35mBEGIN[0m
  [1m[35m (28.1ms)[0m  [1m[35mALTER TABLE "users" ADD "provider" character varying[0m
  [1m[35m (0.4ms)[0m  [1m[35mALTER TABLE "users" ADD "uid" character varying[0m
  [1m[35mSQL (2.1ms)[0m  [1m[32mINSERT INTO "schema_migrations" ("version") VALUES ($1) RETURNING "version"[0m  [["version", "20170317234248"]]
  [1m[35m (1.7ms)[0m  [1m[35mCOMMIT[0m
Migrating to CreateRatingCaches (20170320000950)
  [1m[35m (0.2ms)[0m  [1m[35mBEGIN[0m
DEPRECATION WARNING: Directly inheriting from ActiveRecord::Migration is deprecated. Please specify the Rails release the migration was written for:

  class CreateRatingCaches < ActiveRecord::Migration[4.2] (called from require at /Users/Alex/final_weeks/final_project/open-div/bin/rails:9)
  [1m[35m (44.8ms)[0m  [1m[35mCREATE TABLE "rating_caches" ("id" serial primary key, "cacheable_type" character varying, "cacheable_id" integer, "avg" float NOT NULL, "qty" integer NOT NULL, "dimension" character varying, "created_at" timestamp, "updated_at" timestamp)[0m
  [1m[35m (1.4ms)[0m  [1m[35mCREATE  INDEX  "index_rating_caches_on_cacheable_id_and_cacheable_type" ON "rating_caches"  ("cacheable_id", "cacheable_type")[0m
  [1m[35mSQL (1.2ms)[0m  [1m[32mINSERT INTO "schema_migrations" ("version") VALUES ($1) RETURNING "version"[0m  [["version", "20170320000950"]]
  [1m[35m (2.1ms)[0m  [1m[35mCOMMIT[0m
Migrating to CreateRates (20170320000951)
  [1m[35m (6.0ms)[0m  [1m[35mBEGIN[0m
DEPRECATION WARNING: Directly inheriting from ActiveRecord::Migration is deprecated. Please specify the Rails release the migration was written for:

  class CreateRates < ActiveRecord::Migration[4.2] (called from require at /Users/Alex/final_weeks/final_project/open-div/bin/rails:9)
  [1m[35m (23.1ms)[0m  [1m[35mCREATE TABLE "rates" ("id" serial primary key, "rater_id" integer, "rateable_type" character varying, "rateable_id" integer, "stars" float NOT NULL, "dimension" character varying, "created_at" timestamp, "updated_at" timestamp)[0m
  [1m[35m (6.7ms)[0m  [1m[35mCREATE  INDEX  "index_rates_on_rater_id" ON "rates"  ("rater_id")[0m
  [1m[35m (6.7ms)[0m  [1m[35mCREATE  INDEX  "index_rates_on_rateable_id_and_rateable_type" ON "rates"  ("rateable_id", "rateable_type")[0m
  [1m[35mSQL (0.9ms)[0m  [1m[32mINSERT INTO "schema_migrations" ("version") VALUES ($1) RETURNING "version"[0m  [["version", "20170320000951"]]
  [1m[35m (2.3ms)[0m  [1m[35mCOMMIT[0m
Migrating to CreateAverageCaches (20170320000952)
  [1m[35m (6.3ms)[0m  [1m[35mBEGIN[0m
DEPRECATION WARNING: Directly inheriting from ActiveRecord::Migration is deprecated. Please specify the Rails release the migration was written for:

  class CreateAverageCaches < ActiveRecord::Migration[4.2] (called from require at /Users/Alex/final_weeks/final_project/open-div/bin/rails:9)
  [1m[35m (22.2ms)[0m  [1m[35mCREATE TABLE "average_caches" ("id" serial primary key, "rater_id" integer, "rateable_type" character varying, "rateable_id" integer, "avg" float NOT NULL, "created_at" timestamp, "updated_at" timestamp)[0m
  [1m[35mSQL (0.3ms)[0m  [1m[32mINSERT INTO "schema_migrations" ("version") VALUES ($1) RETURNING "version"[0m  [["version", "20170320000952"]]
  [1m[35m (5.8ms)[0m  [1m[35mCOMMIT[0m
Migrating to CreateOverallAverages (20170320000953)
  [1m[35m (5.7ms)[0m  [1m[35mBEGIN[0m
DEPRECATION WARNING: Directly inheriting from ActiveRecord::Migration is deprecated. Please specify the Rails release the migration was written for:

  class CreateOverallAverages < ActiveRecord::Migration[4.2] (called from require at /Users/Alex/final_weeks/final_project/open-div/bin/rails:9)
  [1m[35m (27.8ms)[0m  [1m[35mCREATE TABLE "overall_averages" ("id" serial primary key, "rateable_type" character varying, "rateable_id" integer, "overall_avg" float NOT NULL, "created_at" timestamp, "updated_at" timestamp)[0m
  [1m[35mSQL (0.3ms)[0m  [1m[32mINSERT INTO "schema_migrations" ("version") VALUES ($1) RETURNING "version"[0m  [["version", "20170320000953"]]
  [1m[35m (11.6ms)[0m  [1m[35mCOMMIT[0m
  [1m[36mActiveRecord::InternalMetadata Load (1.2ms)[0m  [1m[34mSELECT  "ar_internal_metadata".* FROM "ar_internal_metadata" WHERE "ar_internal_metadata"."key" = $1 LIMIT $2[0m  [["key", :environment], ["LIMIT", 1]]
  [1m[35m (0.2ms)[0m  [1m[35mBEGIN[0m
  [1m[35m (0.2ms)[0m  [1m[35mCOMMIT[0m
  [1m[35m (0.2ms)[0m  [1m[34mSELECT pg_advisory_unlock(1046883365560742955)[0m
  [1m[36mActiveRecord::SchemaMigration Load (0.9ms)[0m  [1m[34mSELECT "schema_migrations".* FROM "schema_migrations"[0m
  [1m[36mActiveRecord::SchemaMigration Load (0.2ms)[0m  [1m[34mSELECT "schema_migrations".* FROM "schema_migrations"[0m
  [1m[36mCompany Load (2.3ms)[0m  [1m[34mSELECT "companies".* FROM "companies"[0m
  [1m[36mUser Load (0.8ms)[0m  [1m[34mSELECT "users".* FROM "users"[0m
  [1m[35m (0.2ms)[0m  [1m[35mBEGIN[0m
  [1m[35mSQL (0.5ms)[0m  [1m[31mDELETE FROM "users" WHERE "users"."id" = $1[0m  [["id", 1]]
  [1m[35m (0.5ms)[0m  [1m[35mCOMMIT[0m
Started GET "/" for ::1 at 2017-03-20 09:41:48 -0700
Started GET "/" for ::1 at 2017-03-20 09:41:48 -0700
  [1m[36mActiveRecord::SchemaMigration Load (0.5ms)[0m  [1m[34mSELECT "schema_migrations".* FROM "schema_migrations"[0m
  [1m[36mActiveRecord::SchemaMigration Load (1.1ms)[0m  [1m[34mSELECT "schema_migrations".* FROM "schema_migrations"[0m
Processing by CompaniesController#index as HTML
Processing by CompaniesController#index as HTML
  [1m[36mCompany Load (1.3ms)[0m  [1m[34mSELECT "companies".* FROM "companies"[0m
  [1m[36mCompany Load (2.2ms)[0m  [1m[34mSELECT "companies".* FROM "companies"[0m
  Rendering companies/index.html.erb within layouts/home
  Rendering companies/index.html.erb within layouts/home
  Rendered companies/index.html.erb within layouts/home (2.9ms)
  Rendered companies/index.html.erb within layouts/home (0.8ms)
  [1m[36mUser Load (2.3ms)[0m  [1m[34mSELECT  "users".* FROM "users" WHERE "users"."id" = $1 ORDER BY "users"."id" ASC LIMIT $2[0m  [["id", 1], ["LIMIT", 1]]
  Rendered layouts/_navigation.html.erb (49.2ms)
  [1m[36mUser Load (6.9ms)[0m  [1m[34mSELECT  "users".* FROM "users" WHERE "users"."id" = $1 ORDER BY "users"."id" ASC LIMIT $2[0m  [["id", 1], ["LIMIT", 1]]
  Rendered layouts/_navigation.html.erb (14.3ms)
  Rendered search/_form.html.erb (0.4ms)
  Rendered layouts/_header.html.erb (5.5ms)
  Rendered search/_form.html.erb (0.2ms)
  Rendered layouts/_alerts.html.erb (0.5ms)
Completed 200 OK in 10232ms (Views: 10136.6ms | ActiveRecord: 45.3ms)


  Rendered layouts/_header.html.erb (6.2ms)
  Rendered layouts/_alerts.html.erb (0.1ms)
Completed 200 OK in 10245ms (Views: 10167.6ms | ActiveRecord: 14.6ms)


Started GET "/" for ::1 at 2017-03-20 09:42:05 -0700
Processing by CompaniesController#index as HTML
  [1m[36mCompany Load (4.2ms)[0m  [1m[34mSELECT "companies".* FROM "companies"[0m
  Rendering companies/index.html.erb within layouts/home
  Rendered companies/index.html.erb within layouts/home (4.0ms)
  Rendered layouts/_navigation.html.erb (3.2ms)
  Rendered search/_form.html.erb (0.7ms)
  Rendered layouts/_header.html.erb (4.7ms)
  Rendered layouts/_alerts.html.erb (0.9ms)
Completed 200 OK in 331ms (Views: 287.0ms | ActiveRecord: 4.2ms)


Started GET "/users/sign_in" for ::1 at 2017-03-20 09:42:09 -0700
Processing by Devise::SessionsController#new as HTML
  Rendering devise/sessions/new.html.erb within layouts/application
  Rendered devise/shared/_links.html.erb (2.1ms)
  Rendered devise/sessions/new.html.erb within layouts/application (875.9ms)
  Rendered layouts/_navigation.html.erb (2.3ms)
  Rendered layouts/_alerts.html.erb (0.8ms)
Completed 200 OK in 1027ms (Views: 986.7ms | ActiveRecord: 0.0ms)


Started GET "/users/sign_up" for ::1 at 2017-03-20 09:42:20 -0700
Processing by RegistrationsController#new as HTML
  Rendering devise/registrations/new.html.erb within layouts/application
  Rendered devise/shared/_links.html.erb (3.7ms)
  Rendered devise/registrations/new.html.erb within layouts/application (16.3ms)
  Rendered layouts/_navigation.html.erb (1.3ms)
  Rendered layouts/_alerts.html.erb (0.4ms)
Completed 200 OK in 162ms (Views: 160.7ms | ActiveRecord: 0.0ms)


Started POST "/users" for ::1 at 2017-03-20 09:42:37 -0700
Processing by RegistrationsController#create as HTML
  Parameters: {"utf8"=>"✓", "authenticity_token"=>"fHJskJzLEdVk0/8VrxwvPeU5sA/HMuxON8TOl2lJUg9ojYOti2qvHFywgJ2tksuAcRIEcENWXa6OxWgwyWzqDQ==", "user"=>{"first_name"=>"Alex", "last_name"=>"Gonzalez", "email"=>"alex@mail.com", "password"=>"[FILTERED]", "password_confirmation"=>"[FILTERED]"}, "commit"=>"Sign up"}
  [1m[35m (0.2ms)[0m  [1m[35mBEGIN[0m
  [1m[36mUser Exists (8.9ms)[0m  [1m[34mSELECT  1 AS one FROM "users" WHERE "users"."email" = $1 LIMIT $2[0m  [["email", "alex@mail.com"], ["LIMIT", 1]]
  [1m[35mSQL (12.9ms)[0m  [1m[32mINSERT INTO "users" ("first_name", "last_name", "email", "encrypted_password", "created_at", "updated_at") VALUES ($1, $2, $3, $4, $5, $6) RETURNING "id"[0m  [["first_name", "Alex"], ["last_name", "Gonzalez"], ["email", "alex@mail.com"], ["encrypted_password", "$2a$11$k0eGK7hatZXgDvmi0YcUnenUWw9TgvS0CKqj1xTo8uSWXquQtfk9e"], ["created_at", 2017-03-20 16:42:37 UTC], ["updated_at", 2017-03-20 16:42:37 UTC]]
  [1m[35m (1.0ms)[0m  [1m[35mCOMMIT[0m
  [1m[35m (0.2ms)[0m  [1m[35mBEGIN[0m
  [1m[35mSQL (1.5ms)[0m  [1m[33mUPDATE "users" SET "sign_in_count" = $1, "current_sign_in_at" = $2, "last_sign_in_at" = $3, "current_sign_in_ip" = $4, "last_sign_in_ip" = $5, "updated_at" = $6 WHERE "users"."id" = $7[0m  [["sign_in_count", 1], ["current_sign_in_at", 2017-03-20 16:42:37 UTC], ["last_sign_in_at", 2017-03-20 16:42:37 UTC], ["current_sign_in_ip", "::1/128"], ["last_sign_in_ip", "::1/128"], ["updated_at", 2017-03-20 16:42:37 UTC], ["id", 2]]
  [1m[35m (0.6ms)[0m  [1m[35mCOMMIT[0m
Redirected to http://localhost:3000/users/2
Completed 302 Found in 306ms (ActiveRecord: 25.2ms)


Started GET "/users/2" for ::1 at 2017-03-20 09:42:37 -0700
Processing by UsersController#show as HTML
  Parameters: {"id"=>"2"}
  [1m[36mUser Load (1.1ms)[0m  [1m[34mSELECT  "users".* FROM "users" WHERE "users"."id" = $1 ORDER BY "users"."id" ASC LIMIT $2[0m  [["id", 2], ["LIMIT", 1]]
  Rendering users/show.html.erb within layouts/application
  Rendered users/show.html.erb within layouts/application (1.4ms)
  Rendered layouts/_navigation.html.erb (2.0ms)
  Rendered layouts/_alerts.html.erb (0.8ms)
Completed 200 OK in 157ms (Views: 151.9ms | ActiveRecord: 1.1ms)


Started GET "/search" for ::1 at 2017-03-20 09:42:43 -0700
Processing by SearchController#index as HTML
  Rendering search/index.html.erb within layouts/application
  Rendered search/_form.html.erb (6.9ms)
  [1m[36mCompany Load (0.8ms)[0m  [1m[34mSELECT "companies".* FROM "companies"[0m
  Rendered search/index.html.erb within layouts/application (11.6ms)
  [1m[36mUser Load (0.7ms)[0m  [1m[34mSELECT  "users".* FROM "users" WHERE "users"."id" = $1 ORDER BY "users"."id" ASC LIMIT $2[0m  [["id", 2], ["LIMIT", 1]]
  Rendered layouts/_navigation.html.erb (4.8ms)
  Rendered layouts/_alerts.html.erb (0.7ms)
Completed 200 OK in 190ms (Views: 185.6ms | ActiveRecord: 1.5ms)


Started GET "/search" for ::1 at 2017-03-20 09:42:59 -0700
Processing by SearchController#index as HTML
  Rendering search/index.html.erb within layouts/application
  Rendered search/_form.html.erb (0.5ms)
  [1m[36mCompany Load (0.5ms)[0m  [1m[34mSELECT "companies".* FROM "companies"[0m
  Rendered search/index.html.erb within layouts/application (4.0ms)
  [1m[36mUser Load (0.5ms)[0m  [1m[34mSELECT  "users".* FROM "users" WHERE "users"."id" = $1 ORDER BY "users"."id" ASC LIMIT $2[0m  [["id", 2], ["LIMIT", 1]]
  Rendered layouts/_navigation.html.erb (3.1ms)
  Rendered layouts/_alerts.html.erb (0.5ms)
Completed 200 OK in 103ms (Views: 98.0ms | ActiveRecord: 1.0ms)


Started GET "/" for ::1 at 2017-03-20 09:43:06 -0700
Processing by CompaniesController#index as HTML
  [1m[36mCompany Load (0.7ms)[0m  [1m[34mSELECT "companies".* FROM "companies"[0m
  Rendering companies/index.html.erb within layouts/home
  Rendered companies/index.html.erb within layouts/home (1.6ms)
  [1m[36mUser Load (1.3ms)[0m  [1m[34mSELECT  "users".* FROM "users" WHERE "users"."id" = $1 ORDER BY "users"."id" ASC LIMIT $2[0m  [["id", 2], ["LIMIT", 1]]
  Rendered layouts/_navigation.html.erb (5.3ms)
  Rendered search/_form.html.erb (0.4ms)
  Rendered layouts/_header.html.erb (4.1ms)
  Rendered layouts/_alerts.html.erb (0.5ms)
Completed 200 OK in 154ms (Views: 146.6ms | ActiveRecord: 2.0ms)


Started GET "/" for ::1 at 2017-03-20 09:43:13 -0700
Processing by CompaniesController#index as HTML
  [1m[36mCompany Load (0.7ms)[0m  [1m[34mSELECT "companies".* FROM "companies"[0m
  Rendering companies/index.html.erb within layouts/home
  Rendered companies/index.html.erb within layouts/home (1.4ms)
  [1m[36mUser Load (1.1ms)[0m  [1m[34mSELECT  "users".* FROM "users" WHERE "users"."id" = $1 ORDER BY "users"."id" ASC LIMIT $2[0m  [["id", 2], ["LIMIT", 1]]
  Rendered layouts/_navigation.html.erb (5.5ms)
  Rendered search/_form.html.erb (0.4ms)
  Rendered layouts/_header.html.erb (3.2ms)
  Rendered layouts/_alerts.html.erb (0.5ms)
Completed 200 OK in 150ms (Views: 142.2ms | ActiveRecord: 1.8ms)


Started GET "/" for ::1 at 2017-03-20 09:43:15 -0700
Processing by CompaniesController#index as HTML
  [1m[36mCompany Load (4.3ms)[0m  [1m[34mSELECT "companies".* FROM "companies"[0m
  Rendering companies/index.html.erb within layouts/home
  Rendered companies/index.html.erb within layouts/home (1.6ms)
  [1m[36mUser Load (0.9ms)[0m  [1m[34mSELECT  "users".* FROM "users" WHERE "users"."id" = $1 ORDER BY "users"."id" ASC LIMIT $2[0m  [["id", 2], ["LIMIT", 1]]
  Rendered layouts/_navigation.html.erb (5.5ms)
  Rendered search/_form.html.erb (0.8ms)
  Rendered layouts/_header.html.erb (4.2ms)
  Rendered layouts/_alerts.html.erb (0.5ms)
Completed 200 OK in 368ms (Views: 357.2ms | ActiveRecord: 5.3ms)


Started GET "/users/2" for ::1 at 2017-03-20 09:43:16 -0700
Processing by UsersController#show as HTML
  Parameters: {"id"=>"2"}
  [1m[36mUser Load (1.3ms)[0m  [1m[34mSELECT  "users".* FROM "users" WHERE "users"."id" = $1 ORDER BY "users"."id" ASC LIMIT $2[0m  [["id", 2], ["LIMIT", 1]]
  Rendering users/show.html.erb within layouts/application
  Rendered users/show.html.erb within layouts/application (5.5ms)
  Rendered layouts/_navigation.html.erb (2.2ms)
  Rendered layouts/_alerts.html.erb (0.7ms)
Completed 200 OK in 307ms (Views: 282.0ms | ActiveRecord: 1.3ms)


Started GET "/" for ::1 at 2017-03-20 09:51:59 -0700
Processing by CompaniesController#index as HTML
  [1m[36mCompany Load (1.2ms)[0m  [1m[34mSELECT "companies".* FROM "companies"[0m
  Rendering companies/index.html.erb within layouts/home
  Rendered companies/index.html.erb within layouts/home (7.5ms)
  [1m[36mUser Load (1.4ms)[0m  [1m[34mSELECT  "users".* FROM "users" WHERE "users"."id" = $1 ORDER BY "users"."id" ASC LIMIT $2[0m  [["id", 2], ["LIMIT", 1]]
  Rendered layouts/_navigation.html.erb (17.2ms)
  Rendered search/_form.html.erb (1.1ms)
  Rendered layouts/_header.html.erb (12.4ms)
  Rendered layouts/_alerts.html.erb (0.9ms)
Completed 200 OK in 540ms (Views: 505.1ms | ActiveRecord: 2.5ms)


Started GET "/users/2" for ::1 at 2017-03-20 09:52:39 -0700
Processing by UsersController#show as HTML
  Parameters: {"id"=>"2"}
  [1m[36mUser Load (1.7ms)[0m  [1m[34mSELECT  "users".* FROM "users" WHERE "users"."id" = $1 ORDER BY "users"."id" ASC LIMIT $2[0m  [["id", 2], ["LIMIT", 1]]
  Rendering users/show.html.erb within layouts/application
  Rendered users/show.html.erb within layouts/application (7.6ms)
  Rendered layouts/_navigation.html.erb (3.3ms)
  Rendered layouts/_alerts.html.erb (1.1ms)
Completed 200 OK in 481ms (Views: 401.6ms | ActiveRecord: 1.7ms)


Started GET "/search" for ::1 at 2017-03-20 09:52:44 -0700
Processing by SearchController#index as HTML
  Rendering search/index.html.erb within layouts/application
  Rendered search/_form.html.erb (5.5ms)
  [1m[36mCompany Load (3.0ms)[0m  [1m[34mSELECT "companies".* FROM "companies"[0m
  Rendered search/index.html.erb within layouts/application (34.1ms)
  [1m[36mUser Load (3.1ms)[0m  [1m[34mSELECT  "users".* FROM "users" WHERE "users"."id" = $1 ORDER BY "users"."id" ASC LIMIT $2[0m  [["id", 2], ["LIMIT", 1]]
  Rendered layouts/_navigation.html.erb (10.8ms)
  Rendered layouts/_alerts.html.erb (1.1ms)
Completed 200 OK in 299ms (Views: 268.9ms | ActiveRecord: 6.0ms)


Started GET "/" for ::1 at 2017-03-20 09:52:51 -0700
Processing by CompaniesController#index as HTML
  [1m[36mCompany Load (3.2ms)[0m  [1m[34mSELECT "companies".* FROM "companies"[0m
  Rendering companies/index.html.erb within layouts/home
  Rendered companies/index.html.erb within layouts/home (2.0ms)
  [1m[36mUser Load (1.1ms)[0m  [1m[34mSELECT  "users".* FROM "users" WHERE "users"."id" = $1 ORDER BY "users"."id" ASC LIMIT $2[0m  [["id", 2], ["LIMIT", 1]]
  Rendered layouts/_navigation.html.erb (8.2ms)
  Rendered search/_form.html.erb (0.5ms)
  Rendered layouts/_header.html.erb (5.4ms)
  Rendered layouts/_alerts.html.erb (1.5ms)
Completed 200 OK in 244ms (Views: 227.1ms | ActiveRecord: 4.3ms)


Started GET "/" for ::1 at 2017-03-20 10:16:31 -0700
Processing by CompaniesController#index as HTML
  [1m[36mCompany Load (2.6ms)[0m  [1m[34mSELECT "companies".* FROM "companies"[0m
  Rendering companies/index.html.erb within layouts/home
  Rendered companies/index.html.erb within layouts/home (9.3ms)
  [1m[36mUser Load (1.5ms)[0m  [1m[34mSELECT  "users".* FROM "users" WHERE "users"."id" = $1 ORDER BY "users"."id" ASC LIMIT $2[0m  [["id", 2], ["LIMIT", 1]]
  Rendered layouts/_navigation.html.erb (24.7ms)
  Rendered search/_form.html.erb (0.9ms)
  Rendered layouts/_header.html.erb (8.4ms)
  Rendered layouts/_alerts.html.erb (2.0ms)
Completed 200 OK in 465ms (Views: 421.4ms | ActiveRecord: 4.1ms)


